<?xml version="1.0" encoding="UTF-8"?>
<!-- Generated by org.testng.reporters.JUnitXMLReporter -->
<testsuite hostname="Kiran-PC" ignored="0" name="LoginPage Test" tests="2" failures="0" timestamp="11 Nov 2018 04:44:21 GMT" time="16.872" errors="0">
  <testcase name="loginpagetitleTest" time="0.018" classname="com.newtours.qa.testcases.LoginPageTest"/>
  <testcase name="logincrendialTest" time="4.366" classname="com.newtours.qa.testcases.LoginPageTest"/>
</testsuite> <!-- LoginPage Test -->
