<?xml version="1.0" encoding="UTF-8"?>
<!-- Generated by org.testng.reporters.JUnitXMLReporter -->
<testsuite hostname="Kiran-PC" ignored="3" name="Default test" tests="1" failures="0" timestamp="04 Nov 2018 07:24:31 GMT" time="58.647" errors="0">
  <testcase name="checkTabnameTest" time="0.029" classname="com.newtours.qa.testcases.HomePageTest"/>
  <testcase name="profilePageTest" time="0.0" classname="com.newtours.qa.testcases.HomePageTest">
    <ignored/>
  </testcase> <!-- profilePageTest -->
  <testcase name="signOnPageTest" time="0.0" classname="com.newtours.qa.testcases.HomePageTest">
    <ignored/>
  </testcase> <!-- signOnPageTest -->
  <testcase name="itineraryTest" time="0.0" classname="com.newtours.qa.testcases.HomePageTest">
    <ignored/>
  </testcase> <!-- itineraryTest -->
</testsuite> <!-- Default test -->
