<?xml version="1.0" encoding="UTF-8"?>
<!-- Generated by org.testng.reporters.JUnitXMLReporter -->
<testsuite hostname="Kiran-PC" ignored="3" name="Default test" tests="1" failures="0" timestamp="11 Nov 2018 11:28:11 GMT" time="20.564" errors="0">
  <testcase name="signOnPageTest" time="1.683" classname="com.newtours.qa.testcases.HomePageTest"/>
  <testcase name="profilePageTest" time="0.0" classname="com.newtours.qa.testcases.HomePageTest">
    <ignored/>
  </testcase> <!-- profilePageTest -->
  <testcase name="itineraryTest" time="0.0" classname="com.newtours.qa.testcases.HomePageTest">
    <ignored/>
  </testcase> <!-- itineraryTest -->
  <testcase name="checkTabnameTest" time="0.0" classname="com.newtours.qa.testcases.HomePageTest">
    <ignored/>
  </testcase> <!-- checkTabnameTest -->
</testsuite> <!-- Default test -->
