<?xml version="1.0" encoding="UTF-8"?>
<!-- Generated by org.testng.reporters.JUnitXMLReporter -->
<testsuite hostname="Kiran-PC" ignored="0" name="Test" tests="4" failures="0" timestamp="04 Nov 2018 18:31:52 GMT" time="66.691" errors="0">
  <testcase name="checkTabnameTest" time="0.028" classname="com.newtours.qa.testcases.HomePageTest"/>
  <testcase name="itineraryTest" time="0.879" classname="com.newtours.qa.testcases.HomePageTest"/>
  <testcase name="profilePageTest" time="1.237" classname="com.newtours.qa.testcases.HomePageTest"/>
  <testcase name="signOnPageTest" time="1.419" classname="com.newtours.qa.testcases.HomePageTest"/>
</testsuite> <!-- Test -->
