<?xml version="1.0" encoding="UTF-8"?>
<!-- Generated by org.testng.reporters.JUnitXMLReporter -->
<testsuite hostname="Kiran-PC" ignored="0" name="Test" tests="4" failures="3" timestamp="04 Nov 2018 07:50:13 GMT" time="90.662" errors="0">
  <testcase name="checkTabnameTest" time="0.284" classname="com.newtours.qa.testcases.HomePageTest"/>
  <testcase name="itineraryTest" time="0.675" classname="com.newtours.qa.testcases.HomePageTest">
    <failure type="java.lang.NullPointerException">
      <![CDATA[java.lang.NullPointerException
at com.newtours.qa.testcases.HomePageTest.itineraryTest(HomePageTest.java:47)
... Removed 25 stack frames]]>
    </failure>
  </testcase> <!-- itineraryTest -->
  <testcase name="profilePageTest" time="5.953" classname="com.newtours.qa.testcases.HomePageTest">
    <failure type="java.lang.NullPointerException">
      <![CDATA[java.lang.NullPointerException
at com.newtours.qa.testcases.HomePageTest.profilePageTest(HomePageTest.java:54)
... Removed 25 stack frames]]>
    </failure>
  </testcase> <!-- profilePageTest -->
  <testcase name="signOnPageTest" time="1.105" classname="com.newtours.qa.testcases.HomePageTest">
    <failure type="java.lang.NullPointerException">
      <![CDATA[java.lang.NullPointerException
at com.newtours.qa.testcases.HomePageTest.signOnPageTest(HomePageTest.java:61)
... Removed 25 stack frames]]>
    </failure>
  </testcase> <!-- signOnPageTest -->
</testsuite> <!-- Test -->
