<?xml version="1.0" encoding="UTF-8"?>
<!-- Generated by org.testng.reporters.JUnitXMLReporter -->
<testsuite hostname="Kiran-PC" ignored="0" name="HomePage Test" tests="4" failures="0" timestamp="11 Nov 2018 04:11:37 GMT" time="70.099" errors="0">
  <testcase name="checkTabnameTest" time="0.026" classname="com.newtours.qa.testcases.HomePageTest"/>
  <testcase name="itineraryTest" time="0.651" classname="com.newtours.qa.testcases.HomePageTest"/>
  <testcase name="profilePageTest" time="1.017" classname="com.newtours.qa.testcases.HomePageTest"/>
  <testcase name="signOnPageTest" time="1.167" classname="com.newtours.qa.testcases.HomePageTest"/>
</testsuite> <!-- HomePage Test -->
