<?xml version="1.0" encoding="UTF-8"?>
<!-- Generated by org.testng.reporters.JUnitXMLReporter -->
<testsuite hostname="Kiran-PC" ignored="3" name="HomePage Test" tests="3" failures="0" timestamp="11 Nov 2018 11:36:07 GMT" time="43.564" errors="0">
  <testcase name="loginpagetitleTest" time="0.027" classname="com.newtours.qa.testcases.LoginPageTest"/>
  <testcase name="logincrendialTest" time="10.087" classname="com.newtours.qa.testcases.LoginPageTest"/>
  <testcase name="signOnPageTest" time="1.41" classname="com.newtours.qa.testcases.HomePageTest"/>
  <testcase name="profilePageTest" time="0.0" classname="com.newtours.qa.testcases.HomePageTest">
    <ignored/>
  </testcase> <!-- profilePageTest -->
  <testcase name="itineraryTest" time="0.0" classname="com.newtours.qa.testcases.HomePageTest">
    <ignored/>
  </testcase> <!-- itineraryTest -->
  <testcase name="checkTabnameTest" time="0.0" classname="com.newtours.qa.testcases.HomePageTest">
    <ignored/>
  </testcase> <!-- checkTabnameTest -->
</testsuite> <!-- HomePage Test -->
