<?xml version="1.0" encoding="UTF-8"?>
<!-- Generated by org.testng.reporters.JUnitXMLReporter -->
<testsuite hostname="Kiran-PC" ignored="0" name="LoginPage Test" tests="2" failures="0" timestamp="11 Nov 2018 04:11:57 GMT" time="19.472" errors="0">
  <testcase name="loginpagetitleTest" time="0.028" classname="com.newtours.qa.testcases.LoginPageTest"/>
  <testcase name="logincrendialTest" time="4.428" classname="com.newtours.qa.testcases.LoginPageTest"/>
</testsuite> <!-- LoginPage Test -->
