<?xml version="1.0" encoding="UTF-8"?>
<testng-results skipped="0" failed="0" ignored="3" total="6" passed="3">
  <reporter-output>
  </reporter-output>
  <suite name="Newtours Suite" duration-ms="29117" started-at="2018-11-14T19:08:51Z" finished-at="2018-11-14T19:09:20Z">
    <groups>
    </groups>
    <test name="HomePage Test" duration-ms="29117" started-at="2018-11-14T19:08:51Z" finished-at="2018-11-14T19:09:20Z">
      <class name="com.newtours.qa.testcases.HomePageTest">
        <test-method status="PASS" signature="setUp()[pri:0, instance:com.newtours.qa.testcases.HomePageTest@3b088d51]" name="setUp" is-config="true" duration-ms="9468" started-at="2018-11-14T19:09:09Z" finished-at="2018-11-14T19:09:19Z">
          <reporter-output>
          </reporter-output>
        </test-method> <!-- setUp -->
        <test-method status="PASS" signature="signOnPageTest()[pri:4, instance:com.newtours.qa.testcases.HomePageTest@3b088d51]" name="signOnPageTest" duration-ms="1047" started-at="2018-11-14T19:09:19Z" finished-at="2018-11-14T19:09:20Z">
          <reporter-output>
          </reporter-output>
        </test-method> <!-- signOnPageTest -->
        <test-method status="PASS" signature="tearDown()[pri:0, instance:com.newtours.qa.testcases.HomePageTest@3b088d51]" name="tearDown" is-config="true" duration-ms="544" started-at="2018-11-14T19:09:20Z" finished-at="2018-11-14T19:09:20Z">
          <reporter-output>
          </reporter-output>
        </test-method> <!-- tearDown -->
      </class> <!-- com.newtours.qa.testcases.HomePageTest -->
      <class name="com.newtours.qa.testcases.LoginPageTest">
        <test-method status="PASS" signature="setUp()[pri:0, instance:com.newtours.qa.testcases.LoginPageTest@1786dec2]" name="setUp" is-config="true" duration-ms="6822" started-at="2018-11-14T19:08:51Z" finished-at="2018-11-14T19:08:58Z">
          <reporter-output>
          </reporter-output>
        </test-method> <!-- setUp -->
        <test-method status="PASS" signature="loginpagetitleTest()[pri:1, instance:com.newtours.qa.testcases.LoginPageTest@1786dec2]" name="loginpagetitleTest" duration-ms="27" started-at="2018-11-14T19:08:58Z" finished-at="2018-11-14T19:08:58Z">
          <reporter-output>
          </reporter-output>
        </test-method> <!-- loginpagetitleTest -->
        <test-method status="PASS" signature="tearDown()[pri:0, instance:com.newtours.qa.testcases.LoginPageTest@1786dec2]" name="tearDown" is-config="true" duration-ms="549" started-at="2018-11-14T19:08:58Z" finished-at="2018-11-14T19:08:59Z">
          <reporter-output>
          </reporter-output>
        </test-method> <!-- tearDown -->
        <test-method status="PASS" signature="setUp()[pri:0, instance:com.newtours.qa.testcases.LoginPageTest@1786dec2]" name="setUp" is-config="true" duration-ms="5695" started-at="2018-11-14T19:08:59Z" finished-at="2018-11-14T19:09:04Z">
          <reporter-output>
          </reporter-output>
        </test-method> <!-- setUp -->
        <test-method status="PASS" signature="logincrendialTest()[pri:2, instance:com.newtours.qa.testcases.LoginPageTest@1786dec2]" name="logincrendialTest" duration-ms="4322" started-at="2018-11-14T19:09:04Z" finished-at="2018-11-14T19:09:09Z">
          <reporter-output>
          </reporter-output>
        </test-method> <!-- logincrendialTest -->
        <test-method status="PASS" signature="tearDown()[pri:0, instance:com.newtours.qa.testcases.LoginPageTest@1786dec2]" name="tearDown" is-config="true" duration-ms="605" started-at="2018-11-14T19:09:09Z" finished-at="2018-11-14T19:09:09Z">
          <reporter-output>
          </reporter-output>
        </test-method> <!-- tearDown -->
      </class> <!-- com.newtours.qa.testcases.LoginPageTest -->
    </test> <!-- HomePage Test -->
  </suite> <!-- Newtours Suite -->
</testng-results>
